2017/01/06 16:29:51 INFO  - jmeter.util.JMeterUtils: Setting Locale to en_IN 
2017/01/06 16:29:51 INFO  - jmeter.JMeter: Loading user properties from: D:\apache-jmeter-3.0\bin\user.properties 
2017/01/06 16:29:51 INFO  - jmeter.JMeter: Loading system properties from: D:\apache-jmeter-3.0\bin\system.properties 
2017/01/06 16:29:51 INFO  - jmeter.JMeter: Setting JMeter property: jmeter.save.saveservice.output_format=xml 
2017/01/06 16:29:51 INFO  - jmeter.JMeter: Copyright (c) 1998-2016 The Apache Software Foundation 
2017/01/06 16:29:51 INFO  - jmeter.JMeter: Version 3.0 r1743807 
2017/01/06 16:29:51 INFO  - jmeter.JMeter: java.version=1.8.0_91 
2017/01/06 16:29:51 INFO  - jmeter.JMeter: java.vm.name=Java HotSpot(TM) 64-Bit Server VM 
2017/01/06 16:29:51 INFO  - jmeter.JMeter: os.name=Windows 7 
2017/01/06 16:29:51 INFO  - jmeter.JMeter: os.arch=amd64 
2017/01/06 16:29:51 INFO  - jmeter.JMeter: os.version=6.1 
2017/01/06 16:29:51 INFO  - jmeter.JMeter: file.encoding=Cp1252 
2017/01/06 16:29:51 INFO  - jmeter.JMeter: Max memory     =523763712 
2017/01/06 16:29:51 INFO  - jmeter.JMeter: Available Processors =4 
2017/01/06 16:29:51 INFO  - jmeter.JMeter: Default Locale=English (India) 
2017/01/06 16:29:51 INFO  - jmeter.JMeter: JMeter  Locale=English (India) 
2017/01/06 16:29:51 INFO  - jmeter.JMeter: JMeterHome=D:\apache-jmeter-3.0 
2017/01/06 16:29:51 INFO  - jmeter.JMeter: user.dir  =D:\apache-jmeter-3.0\bin 
2017/01/06 16:29:51 INFO  - jmeter.JMeter: PWD       =D:\apache-jmeter-3.0\bin 
2017/01/06 16:29:51 INFO  - jmeter.JMeter: IP: 169.254.191.81 Name: Sparshi FullName: Sparshi 
2017/01/06 16:29:51 INFO  - jmeter.services.FileServer: Default base='D:\apache-jmeter-3.0\bin' 
2017/01/06 16:29:51 INFO  - jmeter.services.FileServer: Set new base='D:\apache-jmeter-3.0\extras' 
2017/01/06 16:29:51 INFO  - jmeter.save.SaveService: Testplan (JMX) version: 2.2. Testlog (JTL) version: 2.2 
2017/01/06 16:29:51 INFO  - jmeter.save.SaveService: Using SaveService properties file encoding UTF-8 
2017/01/06 16:29:51 INFO  - jmeter.save.SaveService: Using SaveService properties version 2.9 
2017/01/06 16:29:51 INFO  - jmeter.save.SaveService: All converter versions present and correct 
2017/01/06 16:29:51 INFO  - jmeter.save.SaveService: Loading file: D:\apache-jmeter-3.0\extras\Zipang.jmx 
2017/01/06 16:29:51 INFO  - jmeter.protocol.http.sampler.HTTPSamplerBase: Parser for text/html is org.apache.jmeter.protocol.http.parser.LagartoBasedHtmlParser 
2017/01/06 16:29:51 INFO  - jmeter.protocol.http.sampler.HTTPSamplerBase: Parser for application/xhtml+xml is org.apache.jmeter.protocol.http.parser.LagartoBasedHtmlParser 
2017/01/06 16:29:51 INFO  - jmeter.protocol.http.sampler.HTTPSamplerBase: Parser for application/xml is org.apache.jmeter.protocol.http.parser.LagartoBasedHtmlParser 
2017/01/06 16:29:51 INFO  - jmeter.protocol.http.sampler.HTTPSamplerBase: Parser for text/xml is org.apache.jmeter.protocol.http.parser.LagartoBasedHtmlParser 
2017/01/06 16:29:51 INFO  - jmeter.protocol.http.sampler.HTTPSamplerBase: Parser for text/vnd.wap.wml is org.apache.jmeter.protocol.http.parser.RegexpHTMLParser 
2017/01/06 16:29:51 INFO  - jmeter.protocol.http.sampler.HTTPSamplerBase: Parser for text/css is org.apache.jmeter.protocol.http.parser.CssParser 
2017/01/06 16:29:51 INFO  - jmeter.JMeter: Creating summariser <summary> 
2017/01/06 16:29:51 INFO  - jmeter.engine.StandardJMeterEngine: Running the test! 
2017/01/06 16:29:52 INFO  - jmeter.samplers.SampleEvent: List of sample_variables: [] 
2017/01/06 16:29:52 INFO  - jmeter.samplers.SampleEvent: List of sample_variables: [] 
2017/01/06 16:29:52 INFO  - jmeter.engine.util.CompoundVariable: Note: Function class names must contain the string: '.functions.' 
2017/01/06 16:29:52 INFO  - jmeter.engine.util.CompoundVariable: Note: Function class names must not contain the string: '.gui.' 
2017/01/06 16:29:52 INFO  - jmeter.JMeter: Running test (1483700392149) 
2017/01/06 16:29:52 INFO  - jmeter.engine.StandardJMeterEngine: Starting ThreadGroup: 1 : Thread Group 
2017/01/06 16:29:52 INFO  - jmeter.engine.StandardJMeterEngine: Starting 100 threads for group Thread Group. 
2017/01/06 16:29:52 INFO  - jmeter.engine.StandardJMeterEngine: Thread will continue on error 
2017/01/06 16:29:52 INFO  - jmeter.threads.ThreadGroup: Starting thread group number 1 threads 100 ramp-up 1000 perThread 10000.0 delayedStart=false 
2017/01/06 16:29:52 INFO  - jmeter.threads.JMeterThread: Thread started: Thread Group 1-1 
2017/01/06 16:29:52 INFO  - jmeter.threads.ThreadGroup: Started thread group number 1 
2017/01/06 16:29:52 INFO  - jmeter.engine.StandardJMeterEngine: All thread groups have been started 
2017/01/06 16:29:52 INFO  - jmeter.protocol.http.sampler.HTTPHCAbstractImpl: Local host = Sparshi 
2017/01/06 16:29:52 INFO  - jmeter.protocol.http.sampler.HTTPHC4Impl: HTTP request retry count = 0 
2017/01/06 16:29:52 INFO  - jmeter.samplers.SampleResult: Note: Sample TimeStamps are START times 
2017/01/06 16:29:52 INFO  - jmeter.samplers.SampleResult: sampleresult.default.encoding is set to ISO-8859-1 
2017/01/06 16:29:52 INFO  - jmeter.samplers.SampleResult: sampleresult.useNanoTime=true 
2017/01/06 16:29:52 INFO  - jmeter.samplers.SampleResult: sampleresult.nanoThreadSleep=5000 
2017/01/06 16:29:52 INFO  - jmeter.protocol.http.sampler.LazySchemeSocketFactory: Setting up HTTPS TrustAll Socket Factory 
2017/01/06 16:29:52 INFO  - jmeter.util.JsseSSLManager: Using default SSL protocol: TLS 
2017/01/06 16:29:52 INFO  - jmeter.util.JsseSSLManager: SSL session context: per-thread 
2017/01/06 16:29:53 INFO  - jmeter.util.SSLManager: JmeterKeyStore Location:  type JKS 
2017/01/06 16:29:53 INFO  - jmeter.util.SSLManager: KeyStore created OK 
2017/01/06 16:29:53 WARN  - jmeter.util.SSLManager: Keystore file not found, loading empty keystore 
2017/01/06 16:30:00 INFO  - jmeter.reporters.Summariser: summary +      4 in 00:00:09 =    0.5/s Avg:  2068 Min:  1479 Max:  3177 Err:     0 (0.00%) Active: 1 Started: 1 Finished: 0 
2017/01/06 16:30:02 INFO  - jmeter.threads.JMeterThread: Thread started: Thread Group 1-2 
2017/01/06 16:30:12 INFO  - jmeter.threads.JMeterThread: Thread started: Thread Group 1-3 
2017/01/06 16:30:22 INFO  - jmeter.threads.JMeterThread: Thread started: Thread Group 1-4 
2017/01/06 16:30:30 INFO  - jmeter.reporters.Summariser: summary +     48 in 00:00:30 =    1.6/s Avg:  1653 Min:  1438 Max:  2015 Err:     0 (0.00%) Active: 4 Started: 4 Finished: 0 
2017/01/06 16:30:30 INFO  - jmeter.reporters.Summariser: summary =     52 in 00:00:38 =    1.4/s Avg:  1685 Min:  1438 Max:  3177 Err:     0 (0.00%) 
2017/01/06 16:30:32 INFO  - jmeter.threads.JMeterThread: Thread started: Thread Group 1-5 
2017/01/06 16:30:42 INFO  - jmeter.threads.JMeterThread: Thread started: Thread Group 1-6 
2017/01/06 16:30:52 INFO  - jmeter.threads.JMeterThread: Thread started: Thread Group 1-7 
2017/01/06 16:31:00 INFO  - jmeter.reporters.Summariser: summary +    102 in 00:00:30 =    3.3/s Avg:  1702 Min:  1453 Max:  2135 Err:     0 (0.00%) Active: 7 Started: 7 Finished: 0 
2017/01/06 16:31:00 INFO  - jmeter.reporters.Summariser: summary =    154 in 00:01:09 =    2.2/s Avg:  1696 Min:  1438 Max:  3177 Err:     0 (0.00%) 
2017/01/06 16:31:02 INFO  - jmeter.threads.JMeterThread: Thread started: Thread Group 1-8 
2017/01/06 16:31:12 INFO  - jmeter.threads.JMeterThread: Thread started: Thread Group 1-9 
2017/01/06 16:31:22 INFO  - jmeter.threads.JMeterThread: Thread started: Thread Group 1-10 
2017/01/06 16:31:30 INFO  - jmeter.reporters.Summariser: summary +    140 in 00:00:29 =    4.8/s Avg:  1835 Min:  1535 Max:  2532 Err:     0 (0.00%) Active: 10 Started: 10 Finished: 0 
2017/01/06 16:31:30 INFO  - jmeter.reporters.Summariser: summary =    294 in 00:01:38 =    3.0/s Avg:  1762 Min:  1438 Max:  3177 Err:     0 (0.00%) 
2017/01/06 16:31:32 INFO  - jmeter.threads.JMeterThread: Thread started: Thread Group 1-11 
2017/01/06 16:31:42 INFO  - jmeter.threads.JMeterThread: Thread started: Thread Group 1-12 
2017/01/06 16:31:52 INFO  - jmeter.threads.JMeterThread: Thread started: Thread Group 1-13 
2017/01/06 16:32:00 INFO  - jmeter.reporters.Summariser: summary +    169 in 00:00:30 =    5.7/s Avg:  2068 Min:  1526 Max:  3990 Err:     0 (0.00%) Active: 13 Started: 13 Finished: 0 
2017/01/06 16:32:00 INFO  - jmeter.reporters.Summariser: summary =    463 in 00:02:08 =    3.6/s Avg:  1874 Min:  1438 Max:  3990 Err:     0 (0.00%) 
2017/01/06 16:32:02 INFO  - jmeter.threads.JMeterThread: Thread started: Thread Group 1-14 
2017/01/06 16:32:12 INFO  - jmeter.threads.JMeterThread: Thread started: Thread Group 1-15 
2017/01/06 16:32:22 INFO  - jmeter.threads.JMeterThread: Thread started: Thread Group 1-16 
2017/01/06 16:32:30 INFO  - jmeter.reporters.Summariser: summary +    183 in 00:00:30 =    6.1/s Avg:  2357 Min:  1530 Max:  5185 Err:     0 (0.00%) Active: 16 Started: 16 Finished: 0 
2017/01/06 16:32:30 INFO  - jmeter.reporters.Summariser: summary =    646 in 00:02:38 =    4.1/s Avg:  2011 Min:  1438 Max:  5185 Err:     0 (0.00%) 
2017/01/06 16:32:32 INFO  - jmeter.threads.JMeterThread: Thread started: Thread Group 1-17 
2017/01/06 16:32:42 INFO  - jmeter.threads.JMeterThread: Thread started: Thread Group 1-18 
2017/01/06 16:32:52 INFO  - jmeter.threads.JMeterThread: Thread started: Thread Group 1-19 
2017/01/06 16:33:00 INFO  - jmeter.reporters.Summariser: summary +    189 in 00:00:30 =    6.3/s Avg:  2748 Min:  1766 Max:  5765 Err:     0 (0.00%) Active: 19 Started: 19 Finished: 0 
2017/01/06 16:33:00 INFO  - jmeter.reporters.Summariser: summary =    835 in 00:03:08 =    4.4/s Avg:  2178 Min:  1438 Max:  5765 Err:     0 (0.00%) 
2017/01/06 16:33:02 INFO  - jmeter.threads.JMeterThread: Thread started: Thread Group 1-20 
2017/01/06 16:33:12 INFO  - jmeter.threads.JMeterThread: Thread started: Thread Group 1-21 
2017/01/06 16:33:22 INFO  - jmeter.threads.JMeterThread: Thread started: Thread Group 1-22 
2017/01/06 16:33:30 INFO  - jmeter.reporters.Summariser: summary +    191 in 00:00:30 =    6.3/s Avg:  3253 Min:  1955 Max: 12907 Err:     0 (0.00%) Active: 22 Started: 22 Finished: 0 
2017/01/06 16:33:30 INFO  - jmeter.reporters.Summariser: summary =   1026 in 00:03:38 =    4.7/s Avg:  2378 Min:  1438 Max: 12907 Err:     0 (0.00%) 
2017/01/06 16:33:32 INFO  - jmeter.threads.JMeterThread: Thread started: Thread Group 1-23 
2017/01/06 16:33:42 INFO  - jmeter.threads.JMeterThread: Thread started: Thread Group 1-24 
2017/01/06 16:33:52 INFO  - jmeter.threads.JMeterThread: Thread started: Thread Group 1-25 
2017/01/06 16:34:00 INFO  - jmeter.reporters.Summariser: summary +    198 in 00:00:30 =    6.6/s Avg:  3502 Min:  1862 Max: 21019 Err:     1 (0.51%) Active: 25 Started: 25 Finished: 0 
2017/01/06 16:34:00 INFO  - jmeter.reporters.Summariser: summary =   1224 in 00:04:08 =    4.9/s Avg:  2560 Min:  1438 Max: 21019 Err:     1 (0.08%) 
2017/01/06 16:34:02 INFO  - jmeter.threads.JMeterThread: Thread started: Thread Group 1-26 
2017/01/06 16:34:12 INFO  - jmeter.threads.JMeterThread: Thread started: Thread Group 1-27 
2017/01/06 16:34:22 INFO  - jmeter.threads.JMeterThread: Thread started: Thread Group 1-28 
2017/01/06 16:34:30 INFO  - jmeter.reporters.Summariser: summary +    193 in 00:00:30 =    6.5/s Avg:  4063 Min:  2160 Max: 21107 Err:     1 (0.52%) Active: 28 Started: 28 Finished: 0 
2017/01/06 16:34:30 INFO  - jmeter.reporters.Summariser: summary =   1417 in 00:04:38 =    5.1/s Avg:  2764 Min:  1438 Max: 21107 Err:     2 (0.14%) 
2017/01/06 16:34:32 INFO  - jmeter.threads.JMeterThread: Thread started: Thread Group 1-29 
2017/01/06 16:34:42 INFO  - jmeter.threads.JMeterThread: Thread started: Thread Group 1-30 
2017/01/06 16:34:52 INFO  - jmeter.threads.JMeterThread: Thread started: Thread Group 1-31 
2017/01/06 16:35:00 INFO  - jmeter.reporters.Summariser: summary +    204 in 00:00:30 =    6.8/s Avg:  4405 Min:  2162 Max: 20996 Err:     2 (0.98%) Active: 31 Started: 31 Finished: 0 
2017/01/06 16:35:00 INFO  - jmeter.reporters.Summariser: summary =   1621 in 00:05:08 =    5.3/s Avg:  2971 Min:  1438 Max: 21107 Err:     4 (0.25%) 
2017/01/06 16:35:02 INFO  - jmeter.threads.JMeterThread: Thread started: Thread Group 1-32 
2017/01/06 16:35:12 INFO  - jmeter.threads.JMeterThread: Thread started: Thread Group 1-33 
2017/01/06 16:35:22 INFO  - jmeter.threads.JMeterThread: Thread started: Thread Group 1-34 
2017/01/06 16:35:30 INFO  - jmeter.reporters.Summariser: summary +    196 in 00:00:30 =    6.5/s Avg:  4763 Min:  2291 Max: 18176 Err:     0 (0.00%) Active: 34 Started: 34 Finished: 0 
2017/01/06 16:35:30 INFO  - jmeter.reporters.Summariser: summary =   1817 in 00:05:38 =    5.4/s Avg:  3164 Min:  1438 Max: 21107 Err:     4 (0.22%) 
2017/01/06 16:35:32 INFO  - jmeter.threads.JMeterThread: Thread started: Thread Group 1-35 
2017/01/06 16:35:42 INFO  - jmeter.threads.JMeterThread: Thread started: Thread Group 1-36 
2017/01/06 16:35:52 INFO  - jmeter.threads.JMeterThread: Thread started: Thread Group 1-37 
2017/01/06 16:36:00 INFO  - jmeter.reporters.Summariser: summary +    197 in 00:00:30 =    6.6/s Avg:  5477 Min:  2333 Max: 26497 Err:     1 (0.51%) Active: 37 Started: 37 Finished: 0 
2017/01/06 16:36:00 INFO  - jmeter.reporters.Summariser: summary =   2014 in 00:06:08 =    5.5/s Avg:  3390 Min:  1438 Max: 26497 Err:     5 (0.25%) 
2017/01/06 16:36:02 INFO  - jmeter.threads.JMeterThread: Thread started: Thread Group 1-38 
2017/01/06 16:36:12 INFO  - jmeter.threads.JMeterThread: Thread started: Thread Group 1-39 
2017/01/06 16:36:22 INFO  - jmeter.threads.JMeterThread: Thread started: Thread Group 1-40 
2017/01/06 16:36:30 INFO  - jmeter.reporters.Summariser: summary +    197 in 00:00:30 =    6.6/s Avg:  5824 Min:  2426 Max: 23393 Err:     0 (0.00%) Active: 40 Started: 40 Finished: 0 
2017/01/06 16:36:30 INFO  - jmeter.reporters.Summariser: summary =   2211 in 00:06:38 =    5.6/s Avg:  3607 Min:  1438 Max: 26497 Err:     5 (0.23%) 
2017/01/06 16:36:32 INFO  - jmeter.threads.JMeterThread: Thread started: Thread Group 1-41 
2017/01/06 16:36:42 INFO  - jmeter.threads.JMeterThread: Thread started: Thread Group 1-42 
2017/01/06 16:36:52 INFO  - jmeter.threads.JMeterThread: Thread started: Thread Group 1-43 
2017/01/06 16:37:00 INFO  - jmeter.reporters.Summariser: summary +    205 in 00:00:30 =    6.8/s Avg:  5922 Min:  2556 Max: 21090 Err:     2 (0.98%) Active: 43 Started: 43 Finished: 0 
2017/01/06 16:37:00 INFO  - jmeter.reporters.Summariser: summary =   2416 in 00:07:08 =    5.6/s Avg:  3804 Min:  1438 Max: 26497 Err:     7 (0.29%) 
2017/01/06 16:37:02 INFO  - jmeter.threads.JMeterThread: Thread started: Thread Group 1-44 
2017/01/06 16:37:12 INFO  - jmeter.threads.JMeterThread: Thread started: Thread Group 1-45 
2017/01/06 16:37:22 INFO  - jmeter.threads.JMeterThread: Thread started: Thread Group 1-46 
2017/01/06 16:37:30 INFO  - jmeter.reporters.Summariser: summary +    201 in 00:00:30 =    6.7/s Avg:  6511 Min:  2500 Max: 21006 Err:     5 (2.49%) Active: 46 Started: 46 Finished: 0 
2017/01/06 16:37:30 INFO  - jmeter.reporters.Summariser: summary =   2617 in 00:07:38 =    5.7/s Avg:  4012 Min:  1438 Max: 26497 Err:    12 (0.46%) 
2017/01/06 16:37:32 INFO  - jmeter.threads.JMeterThread: Thread started: Thread Group 1-47 
2017/01/06 16:37:42 INFO  - jmeter.threads.JMeterThread: Thread started: Thread Group 1-48 
2017/01/06 16:37:52 INFO  - jmeter.threads.JMeterThread: Thread started: Thread Group 1-49 
2017/01/06 16:38:00 INFO  - jmeter.reporters.Summariser: summary +    196 in 00:00:30 =    6.5/s Avg:  7399 Min:  2577 Max: 54840 Err:     1 (0.51%) Active: 49 Started: 49 Finished: 0 
2017/01/06 16:38:00 INFO  - jmeter.reporters.Summariser: summary =   2813 in 00:08:08 =    5.8/s Avg:  4248 Min:  1438 Max: 54840 Err:    13 (0.46%) 
2017/01/06 16:38:02 INFO  - jmeter.threads.JMeterThread: Thread started: Thread Group 1-50 
2017/01/06 16:38:12 INFO  - jmeter.threads.JMeterThread: Thread started: Thread Group 1-51 
2017/01/06 16:38:22 INFO  - jmeter.threads.JMeterThread: Thread started: Thread Group 1-52 
2017/01/06 16:38:30 INFO  - jmeter.reporters.Summariser: summary +    211 in 00:00:30 =    7.0/s Avg:  6645 Min:  2560 Max: 28415 Err:     6 (2.84%) Active: 52 Started: 52 Finished: 0 
2017/01/06 16:38:30 INFO  - jmeter.reporters.Summariser: summary =   3024 in 00:08:38 =    5.8/s Avg:  4415 Min:  1438 Max: 54840 Err:    19 (0.63%) 
2017/01/06 16:38:32 INFO  - jmeter.threads.JMeterThread: Thread started: Thread Group 1-53 
2017/01/06 16:38:42 INFO  - jmeter.threads.JMeterThread: Thread started: Thread Group 1-54 
2017/01/06 16:38:52 INFO  - jmeter.threads.JMeterThread: Thread started: Thread Group 1-55 
2017/01/06 16:39:00 INFO  - jmeter.reporters.Summariser: summary +    185 in 00:00:30 =    6.2/s Avg:  8784 Min:  2627 Max: 56749 Err:     3 (1.62%) Active: 55 Started: 55 Finished: 0 
2017/01/06 16:39:00 INFO  - jmeter.reporters.Summariser: summary =   3209 in 00:09:08 =    5.9/s Avg:  4667 Min:  1438 Max: 56749 Err:    22 (0.69%) 
2017/01/06 16:39:02 INFO  - jmeter.threads.JMeterThread: Thread started: Thread Group 1-56 
2017/01/06 16:39:12 INFO  - jmeter.threads.JMeterThread: Thread started: Thread Group 1-57 
2017/01/06 16:39:22 INFO  - jmeter.threads.JMeterThread: Thread started: Thread Group 1-58 
2017/01/06 16:39:30 INFO  - jmeter.reporters.Summariser: summary +    201 in 00:00:30 =    6.7/s Avg:  8291 Min:  2562 Max: 53486 Err:     5 (2.49%) Active: 58 Started: 58 Finished: 0 
2017/01/06 16:39:30 INFO  - jmeter.reporters.Summariser: summary =   3410 in 00:09:38 =    5.9/s Avg:  4880 Min:  1438 Max: 56749 Err:    27 (0.79%) 
2017/01/06 16:39:32 INFO  - jmeter.threads.JMeterThread: Thread started: Thread Group 1-59 
2017/01/06 16:39:42 INFO  - jmeter.threads.JMeterThread: Thread started: Thread Group 1-60 
2017/01/06 16:39:52 INFO  - jmeter.threads.JMeterThread: Thread started: Thread Group 1-61 
2017/01/06 16:40:00 INFO  - jmeter.reporters.Summariser: summary +    208 in 00:00:30 =    6.9/s Avg:  8522 Min:  2711 Max: 45426 Err:     3 (1.44%) Active: 61 Started: 61 Finished: 0 
2017/01/06 16:40:00 INFO  - jmeter.reporters.Summariser: summary =   3618 in 00:10:08 =    5.9/s Avg:  5090 Min:  1438 Max: 56749 Err:    30 (0.83%) 
2017/01/06 16:40:02 INFO  - jmeter.threads.JMeterThread: Thread started: Thread Group 1-62 
2017/01/06 16:40:12 INFO  - jmeter.threads.JMeterThread: Thread started: Thread Group 1-63 
2017/01/06 16:40:22 INFO  - jmeter.threads.JMeterThread: Thread started: Thread Group 1-64 
2017/01/06 16:40:30 INFO  - jmeter.reporters.Summariser: summary +    196 in 00:00:30 =    6.6/s Avg:  8994 Min:  2736 Max: 25834 Err:     5 (2.55%) Active: 64 Started: 64 Finished: 0 
2017/01/06 16:40:30 INFO  - jmeter.reporters.Summariser: summary =   3814 in 00:10:38 =    6.0/s Avg:  5290 Min:  1438 Max: 56749 Err:    35 (0.92%) 
2017/01/06 16:40:32 INFO  - jmeter.threads.JMeterThread: Thread started: Thread Group 1-65 
2017/01/06 16:40:42 INFO  - jmeter.threads.JMeterThread: Thread started: Thread Group 1-66 
2017/01/06 16:40:52 INFO  - jmeter.threads.JMeterThread: Thread started: Thread Group 1-67 
2017/01/06 16:41:00 INFO  - jmeter.reporters.Summariser: summary +    205 in 00:00:30 =    6.8/s Avg:  8703 Min:  2678 Max: 39095 Err:     5 (2.44%) Active: 67 Started: 67 Finished: 0 
2017/01/06 16:41:00 INFO  - jmeter.reporters.Summariser: summary =   4019 in 00:11:08 =    6.0/s Avg:  5464 Min:  1438 Max: 56749 Err:    40 (1.00%) 
2017/01/06 16:41:02 INFO  - jmeter.threads.JMeterThread: Thread started: Thread Group 1-68 
2017/01/06 16:41:12 INFO  - jmeter.threads.JMeterThread: Thread started: Thread Group 1-69 
2017/01/06 16:41:22 INFO  - jmeter.threads.JMeterThread: Thread started: Thread Group 1-70 
2017/01/06 16:41:30 INFO  - jmeter.reporters.Summariser: summary +    199 in 00:00:30 =    6.6/s Avg:  9568 Min:  2698 Max: 32278 Err:     6 (3.02%) Active: 70 Started: 70 Finished: 0 
2017/01/06 16:41:30 INFO  - jmeter.reporters.Summariser: summary =   4218 in 00:11:38 =    6.0/s Avg:  5658 Min:  1438 Max: 56749 Err:    46 (1.09%) 
2017/01/06 16:41:32 INFO  - jmeter.threads.JMeterThread: Thread started: Thread Group 1-71 
2017/01/06 16:41:42 INFO  - jmeter.threads.JMeterThread: Thread started: Thread Group 1-72 
2017/01/06 16:41:52 INFO  - jmeter.threads.JMeterThread: Thread started: Thread Group 1-73 
2017/01/06 16:42:00 INFO  - jmeter.reporters.Summariser: summary +    210 in 00:00:30 =    7.0/s Avg:  9803 Min:  2746 Max: 76040 Err:     4 (1.90%) Active: 73 Started: 73 Finished: 0 
2017/01/06 16:42:00 INFO  - jmeter.reporters.Summariser: summary =   4428 in 00:12:08 =    6.1/s Avg:  5855 Min:  1438 Max: 76040 Err:    50 (1.13%) 
2017/01/06 16:42:02 INFO  - jmeter.threads.JMeterThread: Thread started: Thread Group 1-74 
2017/01/06 16:42:12 INFO  - jmeter.threads.JMeterThread: Thread started: Thread Group 1-75 
2017/01/06 16:42:22 INFO  - jmeter.threads.JMeterThread: Thread started: Thread Group 1-76 
2017/01/06 16:42:30 INFO  - jmeter.reporters.Summariser: summary +    204 in 00:00:30 =    6.8/s Avg: 10679 Min:  2825 Max: 51984 Err:    11 (5.39%) Active: 76 Started: 76 Finished: 0 
2017/01/06 16:42:30 INFO  - jmeter.reporters.Summariser: summary =   4632 in 00:12:38 =    6.1/s Avg:  6067 Min:  1438 Max: 76040 Err:    61 (1.32%) 
2017/01/06 16:42:32 INFO  - jmeter.threads.JMeterThread: Thread started: Thread Group 1-77 
2017/01/06 16:42:42 INFO  - jmeter.threads.JMeterThread: Thread started: Thread Group 1-78 
2017/01/06 16:42:52 INFO  - jmeter.threads.JMeterThread: Thread started: Thread Group 1-79 
2017/01/06 16:43:00 INFO  - jmeter.reporters.Summariser: summary +    198 in 00:00:30 =    6.6/s Avg: 10730 Min:  2842 Max: 65921 Err:     7 (3.54%) Active: 79 Started: 79 Finished: 0 
2017/01/06 16:43:00 INFO  - jmeter.reporters.Summariser: summary =   4830 in 00:13:08 =    6.1/s Avg:  6258 Min:  1438 Max: 76040 Err:    68 (1.41%) 
2017/01/06 16:43:02 INFO  - jmeter.threads.JMeterThread: Thread started: Thread Group 1-80 
2017/01/06 16:43:12 INFO  - jmeter.threads.JMeterThread: Thread started: Thread Group 1-81 
2017/01/06 16:43:22 INFO  - jmeter.threads.JMeterThread: Thread started: Thread Group 1-82 
2017/01/06 16:43:30 INFO  - jmeter.reporters.Summariser: summary +    212 in 00:00:30 =    7.1/s Avg: 10518 Min:  2871 Max: 51234 Err:     8 (3.77%) Active: 82 Started: 82 Finished: 0 
2017/01/06 16:43:30 INFO  - jmeter.reporters.Summariser: summary =   5042 in 00:13:38 =    6.2/s Avg:  6437 Min:  1438 Max: 76040 Err:    76 (1.51%) 
2017/01/06 16:43:32 INFO  - jmeter.threads.JMeterThread: Thread started: Thread Group 1-83 
2017/01/06 16:43:42 INFO  - jmeter.threads.JMeterThread: Thread started: Thread Group 1-84 
2017/01/06 16:43:52 INFO  - jmeter.threads.JMeterThread: Thread started: Thread Group 1-85 
2017/01/06 16:44:00 INFO  - jmeter.reporters.Summariser: summary +    203 in 00:00:30 =    6.7/s Avg: 10490 Min:  2834 Max: 37119 Err:     6 (2.96%) Active: 85 Started: 85 Finished: 0 
2017/01/06 16:44:00 INFO  - jmeter.reporters.Summariser: summary =   5245 in 00:14:08 =    6.2/s Avg:  6594 Min:  1438 Max: 76040 Err:    82 (1.56%) 
2017/01/06 16:44:02 INFO  - jmeter.threads.JMeterThread: Thread started: Thread Group 1-86 
2017/01/06 16:44:12 INFO  - jmeter.threads.JMeterThread: Thread started: Thread Group 1-87 
2017/01/06 16:44:22 INFO  - jmeter.threads.JMeterThread: Thread started: Thread Group 1-88 
2017/01/06 16:44:30 INFO  - jmeter.reporters.Summariser: summary +    208 in 00:00:30 =    6.9/s Avg: 11531 Min:  3139 Max: 80471 Err:     9 (4.33%) Active: 88 Started: 88 Finished: 0 
2017/01/06 16:44:30 INFO  - jmeter.reporters.Summariser: summary =   5453 in 00:14:38 =    6.2/s Avg:  6782 Min:  1438 Max: 80471 Err:    91 (1.67%) 
2017/01/06 16:44:32 INFO  - jmeter.threads.JMeterThread: Thread started: Thread Group 1-89 
2017/01/06 16:44:42 INFO  - jmeter.threads.JMeterThread: Thread started: Thread Group 1-90 
2017/01/06 16:44:52 INFO  - jmeter.threads.JMeterThread: Thread started: Thread Group 1-91 
2017/01/06 16:45:00 INFO  - jmeter.reporters.Summariser: summary +    194 in 00:00:30 =    6.4/s Avg: 14775 Min:  2836 Max: 331811 Err:     5 (2.58%) Active: 91 Started: 91 Finished: 0 
2017/01/06 16:45:00 INFO  - jmeter.reporters.Summariser: summary =   5647 in 00:15:08 =    6.2/s Avg:  7057 Min:  1438 Max: 331811 Err:    96 (1.70%) 
2017/01/06 16:45:02 INFO  - jmeter.threads.JMeterThread: Thread started: Thread Group 1-92 
2017/01/06 16:45:12 INFO  - jmeter.threads.JMeterThread: Thread started: Thread Group 1-93 
2017/01/06 16:45:22 INFO  - jmeter.threads.JMeterThread: Thread started: Thread Group 1-94 
2017/01/06 16:45:30 INFO  - jmeter.reporters.Summariser: summary +    209 in 00:00:30 =    6.9/s Avg: 11796 Min:  2772 Max: 67643 Err:     7 (3.35%) Active: 94 Started: 94 Finished: 0 
2017/01/06 16:45:30 INFO  - jmeter.reporters.Summariser: summary =   5856 in 00:15:38 =    6.2/s Avg:  7226 Min:  1438 Max: 331811 Err:   103 (1.76%) 
2017/01/06 16:45:32 INFO  - jmeter.threads.JMeterThread: Thread started: Thread Group 1-95 
2017/01/06 16:45:42 INFO  - jmeter.threads.JMeterThread: Thread started: Thread Group 1-96 
2017/01/06 16:45:52 INFO  - jmeter.threads.JMeterThread: Thread started: Thread Group 1-97 
2017/01/06 16:46:00 INFO  - jmeter.reporters.Summariser: summary +    210 in 00:00:30 =    7.1/s Avg: 14429 Min:  2821 Max: 333126 Err:    15 (7.14%) Active: 97 Started: 97 Finished: 0 
2017/01/06 16:46:00 INFO  - jmeter.reporters.Summariser: summary =   6066 in 00:16:08 =    6.3/s Avg:  7476 Min:  1438 Max: 333126 Err:   118 (1.95%) 
2017/01/06 16:46:02 INFO  - jmeter.threads.JMeterThread: Thread started: Thread Group 1-98 
2017/01/06 16:46:12 INFO  - jmeter.threads.JMeterThread: Thread started: Thread Group 1-99 
2017/01/06 16:46:22 INFO  - jmeter.threads.JMeterThread: Thread started: Thread Group 1-100 
2017/01/06 16:46:30 INFO  - jmeter.reporters.Summariser: summary +    199 in 00:00:30 =    6.6/s Avg: 12792 Min:  2859 Max: 51621 Err:     6 (3.02%) Active: 100 Started: 100 Finished: 0 
2017/01/06 16:46:30 INFO  - jmeter.reporters.Summariser: summary =   6265 in 00:16:38 =    6.3/s Avg:  7644 Min:  1438 Max: 333126 Err:   124 (1.98%) 
2017/01/06 16:46:32 INFO  - jmeter.threads.JMeterThread: Stopping because end time detected by thread: Thread Group 1-3 
2017/01/06 16:46:32 INFO  - jmeter.threads.JMeterThread: Thread finished: Thread Group 1-3 
2017/01/06 16:46:32 INFO  - jmeter.threads.JMeterThread: Stopping because end time detected by thread: Thread Group 1-77 
2017/01/06 16:46:32 INFO  - jmeter.threads.JMeterThread: Thread finished: Thread Group 1-77 
2017/01/06 16:46:32 INFO  - jmeter.threads.JMeterThread: Stopping because end time detected by thread: Thread Group 1-14 
2017/01/06 16:46:32 INFO  - jmeter.threads.JMeterThread: Thread finished: Thread Group 1-14 
2017/01/06 16:46:32 INFO  - jmeter.threads.JMeterThread: Stopping because end time detected by thread: Thread Group 1-26 
2017/01/06 16:46:32 INFO  - jmeter.threads.JMeterThread: Thread finished: Thread Group 1-26 
2017/01/06 16:46:32 INFO  - jmeter.threads.JMeterThread: Stopping because end time detected by thread: Thread Group 1-96 
2017/01/06 16:46:32 INFO  - jmeter.threads.JMeterThread: Thread finished: Thread Group 1-96 
2017/01/06 16:46:32 INFO  - jmeter.threads.JMeterThread: Stopping because end time detected by thread: Thread Group 1-65 
2017/01/06 16:46:32 INFO  - jmeter.threads.JMeterThread: Thread finished: Thread Group 1-65 
2017/01/06 16:46:33 INFO  - jmeter.threads.JMeterThread: Stopping because end time detected by thread: Thread Group 1-29 
2017/01/06 16:46:33 INFO  - jmeter.threads.JMeterThread: Thread finished: Thread Group 1-29 
2017/01/06 16:46:33 INFO  - jmeter.threads.JMeterThread: Stopping because end time detected by thread: Thread Group 1-74 
2017/01/06 16:46:33 INFO  - jmeter.threads.JMeterThread: Thread finished: Thread Group 1-74 
2017/01/06 16:46:33 INFO  - jmeter.threads.JMeterThread: Stopping because end time detected by thread: Thread Group 1-46 
2017/01/06 16:46:33 INFO  - jmeter.threads.JMeterThread: Thread finished: Thread Group 1-46 
2017/01/06 16:46:33 INFO  - jmeter.threads.JMeterThread: Stopping because end time detected by thread: Thread Group 1-88 
2017/01/06 16:46:33 INFO  - jmeter.threads.JMeterThread: Thread finished: Thread Group 1-88 
2017/01/06 16:46:33 INFO  - jmeter.threads.JMeterThread: Stopping because end time detected by thread: Thread Group 1-60 
2017/01/06 16:46:33 INFO  - jmeter.threads.JMeterThread: Thread finished: Thread Group 1-60 
2017/01/06 16:46:33 INFO  - jmeter.threads.JMeterThread: Stopping because end time detected by thread: Thread Group 1-90 
2017/01/06 16:46:33 INFO  - jmeter.threads.JMeterThread: Thread finished: Thread Group 1-90 
2017/01/06 16:46:34 INFO  - jmeter.threads.JMeterThread: Stopping because end time detected by thread: Thread Group 1-86 
2017/01/06 16:46:34 INFO  - jmeter.threads.JMeterThread: Thread finished: Thread Group 1-86 
2017/01/06 16:46:34 INFO  - jmeter.threads.JMeterThread: Stopping because end time detected by thread: Thread Group 1-27 
2017/01/06 16:46:34 INFO  - jmeter.threads.JMeterThread: Thread finished: Thread Group 1-27 
2017/01/06 16:46:34 INFO  - jmeter.threads.JMeterThread: Stopping because end time detected by thread: Thread Group 1-10 
2017/01/06 16:46:34 INFO  - jmeter.threads.JMeterThread: Thread finished: Thread Group 1-10 
2017/01/06 16:46:34 INFO  - jmeter.threads.JMeterThread: Stopping because end time detected by thread: Thread Group 1-49 
2017/01/06 16:46:34 INFO  - jmeter.threads.JMeterThread: Thread finished: Thread Group 1-49 
2017/01/06 16:46:34 INFO  - jmeter.threads.JMeterThread: Stopping because end time detected by thread: Thread Group 1-24 
2017/01/06 16:46:34 INFO  - jmeter.threads.JMeterThread: Thread finished: Thread Group 1-24 
2017/01/06 16:46:34 INFO  - jmeter.threads.JMeterThread: Stopping because end time detected by thread: Thread Group 1-5 
2017/01/06 16:46:34 INFO  - jmeter.threads.JMeterThread: Thread finished: Thread Group 1-5 
2017/01/06 16:46:34 INFO  - jmeter.threads.JMeterThread: Stopping because end time detected by thread: Thread Group 1-55 
2017/01/06 16:46:34 INFO  - jmeter.threads.JMeterThread: Thread finished: Thread Group 1-55 
2017/01/06 16:46:34 INFO  - jmeter.threads.JMeterThread: Stopping because end time detected by thread: Thread Group 1-81 
2017/01/06 16:46:34 INFO  - jmeter.threads.JMeterThread: Thread finished: Thread Group 1-81 
2017/01/06 16:46:34 INFO  - jmeter.threads.JMeterThread: Stopping because end time detected by thread: Thread Group 1-48 
2017/01/06 16:46:34 INFO  - jmeter.threads.JMeterThread: Thread finished: Thread Group 1-48 
2017/01/06 16:46:34 INFO  - jmeter.threads.JMeterThread: Stopping because end time detected by thread: Thread Group 1-89 
2017/01/06 16:46:34 INFO  - jmeter.threads.JMeterThread: Thread finished: Thread Group 1-89 
2017/01/06 16:46:35 INFO  - jmeter.threads.JMeterThread: Stopping because end time detected by thread: Thread Group 1-58 
2017/01/06 16:46:35 INFO  - jmeter.threads.JMeterThread: Thread finished: Thread Group 1-58 
2017/01/06 16:46:35 INFO  - jmeter.threads.JMeterThread: Stopping because end time detected by thread: Thread Group 1-62 
2017/01/06 16:46:35 INFO  - jmeter.threads.JMeterThread: Thread finished: Thread Group 1-62 
2017/01/06 16:46:35 INFO  - jmeter.threads.JMeterThread: Stopping because end time detected by thread: Thread Group 1-2 
2017/01/06 16:46:35 INFO  - jmeter.threads.JMeterThread: Thread finished: Thread Group 1-2 
2017/01/06 16:46:35 INFO  - jmeter.threads.JMeterThread: Stopping because end time detected by thread: Thread Group 1-73 
2017/01/06 16:46:35 INFO  - jmeter.threads.JMeterThread: Thread finished: Thread Group 1-73 
2017/01/06 16:46:35 INFO  - jmeter.threads.JMeterThread: Stopping because end time detected by thread: Thread Group 1-95 
2017/01/06 16:46:35 INFO  - jmeter.threads.JMeterThread: Thread finished: Thread Group 1-95 
2017/01/06 16:46:35 INFO  - jmeter.threads.JMeterThread: Stopping because end time detected by thread: Thread Group 1-33 
2017/01/06 16:46:35 INFO  - jmeter.threads.JMeterThread: Thread finished: Thread Group 1-33 
2017/01/06 16:46:35 INFO  - jmeter.threads.JMeterThread: Stopping because end time detected by thread: Thread Group 1-35 
2017/01/06 16:46:35 INFO  - jmeter.threads.JMeterThread: Thread finished: Thread Group 1-35 
2017/01/06 16:46:35 INFO  - jmeter.threads.JMeterThread: Stopping because end time detected by thread: Thread Group 1-4 
2017/01/06 16:46:35 INFO  - jmeter.threads.JMeterThread: Thread finished: Thread Group 1-4 
2017/01/06 16:46:35 INFO  - jmeter.threads.JMeterThread: Stopping because end time detected by thread: Thread Group 1-99 
2017/01/06 16:46:35 INFO  - jmeter.threads.JMeterThread: Thread finished: Thread Group 1-99 
2017/01/06 16:46:35 INFO  - jmeter.threads.JMeterThread: Stopping because end time detected by thread: Thread Group 1-22 
2017/01/06 16:46:35 INFO  - jmeter.threads.JMeterThread: Thread finished: Thread Group 1-22 
2017/01/06 16:46:35 INFO  - jmeter.threads.JMeterThread: Stopping because end time detected by thread: Thread Group 1-71 
2017/01/06 16:46:35 INFO  - jmeter.threads.JMeterThread: Thread finished: Thread Group 1-71 
2017/01/06 16:46:36 INFO  - jmeter.threads.JMeterThread: Stopping because end time detected by thread: Thread Group 1-38 
2017/01/06 16:46:36 INFO  - jmeter.threads.JMeterThread: Thread finished: Thread Group 1-38 
2017/01/06 16:46:36 INFO  - jmeter.threads.JMeterThread: Stopping because end time detected by thread: Thread Group 1-36 
2017/01/06 16:46:36 INFO  - jmeter.threads.JMeterThread: Thread finished: Thread Group 1-36 
2017/01/06 16:46:36 INFO  - jmeter.threads.JMeterThread: Stopping because end time detected by thread: Thread Group 1-23 
2017/01/06 16:46:36 INFO  - jmeter.threads.JMeterThread: Thread finished: Thread Group 1-23 
2017/01/06 16:46:36 INFO  - jmeter.threads.JMeterThread: Stopping because end time detected by thread: Thread Group 1-83 
2017/01/06 16:46:36 INFO  - jmeter.threads.JMeterThread: Thread finished: Thread Group 1-83 
2017/01/06 16:46:36 INFO  - jmeter.threads.JMeterThread: Stopping because end time detected by thread: Thread Group 1-18 
2017/01/06 16:46:36 INFO  - jmeter.threads.JMeterThread: Thread finished: Thread Group 1-18 
2017/01/06 16:46:36 INFO  - jmeter.threads.JMeterThread: Stopping because end time detected by thread: Thread Group 1-84 
2017/01/06 16:46:36 INFO  - jmeter.threads.JMeterThread: Stopping because end time detected by thread: Thread Group 1-32 
2017/01/06 16:46:36 INFO  - jmeter.threads.JMeterThread: Thread finished: Thread Group 1-84 
2017/01/06 16:46:36 INFO  - jmeter.threads.JMeterThread: Thread finished: Thread Group 1-32 
2017/01/06 16:46:36 INFO  - jmeter.threads.JMeterThread: Stopping because end time detected by thread: Thread Group 1-34 
2017/01/06 16:46:36 INFO  - jmeter.threads.JMeterThread: Thread finished: Thread Group 1-34 
2017/01/06 16:46:36 INFO  - jmeter.threads.JMeterThread: Stopping because end time detected by thread: Thread Group 1-44 
2017/01/06 16:46:36 INFO  - jmeter.threads.JMeterThread: Thread finished: Thread Group 1-44 
2017/01/06 16:46:36 INFO  - jmeter.threads.JMeterThread: Stopping because end time detected by thread: Thread Group 1-31 
2017/01/06 16:46:36 INFO  - jmeter.threads.JMeterThread: Thread finished: Thread Group 1-31 
2017/01/06 16:46:36 INFO  - jmeter.threads.JMeterThread: Stopping because end time detected by thread: Thread Group 1-69 
2017/01/06 16:46:36 INFO  - jmeter.threads.JMeterThread: Thread finished: Thread Group 1-69 
2017/01/06 16:46:36 INFO  - jmeter.threads.JMeterThread: Stopping because end time detected by thread: Thread Group 1-13 
2017/01/06 16:46:36 INFO  - jmeter.threads.JMeterThread: Thread finished: Thread Group 1-13 
2017/01/06 16:46:36 INFO  - jmeter.threads.JMeterThread: Stopping because end time detected by thread: Thread Group 1-79 
2017/01/06 16:46:36 INFO  - jmeter.threads.JMeterThread: Thread finished: Thread Group 1-79 
2017/01/06 16:46:36 INFO  - jmeter.threads.JMeterThread: Stopping because end time detected by thread: Thread Group 1-80 
2017/01/06 16:46:36 INFO  - jmeter.threads.JMeterThread: Thread finished: Thread Group 1-80 
2017/01/06 16:46:36 INFO  - jmeter.threads.JMeterThread: Stopping because end time detected by thread: Thread Group 1-98 
2017/01/06 16:46:36 INFO  - jmeter.threads.JMeterThread: Thread finished: Thread Group 1-98 
2017/01/06 16:46:37 INFO  - jmeter.threads.JMeterThread: Stopping because end time detected by thread: Thread Group 1-57 
2017/01/06 16:46:37 INFO  - jmeter.threads.JMeterThread: Thread finished: Thread Group 1-57 
2017/01/06 16:46:37 INFO  - jmeter.threads.JMeterThread: Stopping because end time detected by thread: Thread Group 1-97 
2017/01/06 16:46:37 INFO  - jmeter.threads.JMeterThread: Thread finished: Thread Group 1-97 
2017/01/06 16:46:37 INFO  - jmeter.threads.JMeterThread: Stopping because end time detected by thread: Thread Group 1-63 
2017/01/06 16:46:37 INFO  - jmeter.threads.JMeterThread: Thread finished: Thread Group 1-63 
2017/01/06 16:46:37 INFO  - jmeter.threads.JMeterThread: Stopping because end time detected by thread: Thread Group 1-25 
2017/01/06 16:46:37 INFO  - jmeter.threads.JMeterThread: Thread finished: Thread Group 1-25 
2017/01/06 16:46:37 INFO  - jmeter.threads.JMeterThread: Stopping because end time detected by thread: Thread Group 1-54 
2017/01/06 16:46:37 INFO  - jmeter.threads.JMeterThread: Thread finished: Thread Group 1-54 
2017/01/06 16:46:37 INFO  - jmeter.threads.JMeterThread: Stopping because end time detected by thread: Thread Group 1-100 
2017/01/06 16:46:37 INFO  - jmeter.threads.JMeterThread: Thread finished: Thread Group 1-100 
2017/01/06 16:46:37 INFO  - jmeter.threads.JMeterThread: Stopping because end time detected by thread: Thread Group 1-39 
2017/01/06 16:46:37 INFO  - jmeter.threads.JMeterThread: Thread finished: Thread Group 1-39 
2017/01/06 16:46:38 INFO  - jmeter.threads.JMeterThread: Stopping because end time detected by thread: Thread Group 1-47 
2017/01/06 16:46:38 INFO  - jmeter.threads.JMeterThread: Thread finished: Thread Group 1-47 
2017/01/06 16:46:38 INFO  - jmeter.threads.JMeterThread: Stopping because end time detected by thread: Thread Group 1-53 
2017/01/06 16:46:38 INFO  - jmeter.threads.JMeterThread: Thread finished: Thread Group 1-53 
2017/01/06 16:46:38 INFO  - jmeter.threads.JMeterThread: Stopping because end time detected by thread: Thread Group 1-43 
2017/01/06 16:46:38 INFO  - jmeter.threads.JMeterThread: Thread finished: Thread Group 1-43 
2017/01/06 16:46:38 INFO  - jmeter.threads.JMeterThread: Stopping because end time detected by thread: Thread Group 1-82 
2017/01/06 16:46:38 INFO  - jmeter.threads.JMeterThread: Thread finished: Thread Group 1-82 
2017/01/06 16:46:38 INFO  - jmeter.threads.JMeterThread: Stopping because end time detected by thread: Thread Group 1-6 
2017/01/06 16:46:38 INFO  - jmeter.threads.JMeterThread: Thread finished: Thread Group 1-6 
2017/01/06 16:46:38 INFO  - jmeter.threads.JMeterThread: Stopping because end time detected by thread: Thread Group 1-17 
2017/01/06 16:46:38 INFO  - jmeter.threads.JMeterThread: Thread finished: Thread Group 1-17 
2017/01/06 16:46:38 INFO  - jmeter.threads.JMeterThread: Stopping because end time detected by thread: Thread Group 1-20 
2017/01/06 16:46:38 INFO  - jmeter.threads.JMeterThread: Thread finished: Thread Group 1-20 
2017/01/06 16:46:38 INFO  - jmeter.threads.JMeterThread: Stopping because end time detected by thread: Thread Group 1-75 
2017/01/06 16:46:38 INFO  - jmeter.threads.JMeterThread: Thread finished: Thread Group 1-75 
2017/01/06 16:46:38 INFO  - jmeter.threads.JMeterThread: Stopping because end time detected by thread: Thread Group 1-42 
2017/01/06 16:46:38 INFO  - jmeter.threads.JMeterThread: Thread finished: Thread Group 1-42 
2017/01/06 16:46:39 INFO  - jmeter.threads.JMeterThread: Stopping because end time detected by thread: Thread Group 1-56 
2017/01/06 16:46:39 INFO  - jmeter.threads.JMeterThread: Thread finished: Thread Group 1-56 
2017/01/06 16:46:39 INFO  - jmeter.threads.JMeterThread: Stopping because end time detected by thread: Thread Group 1-66 
2017/01/06 16:46:39 INFO  - jmeter.threads.JMeterThread: Thread finished: Thread Group 1-66 
2017/01/06 16:46:39 INFO  - jmeter.threads.JMeterThread: Stopping because end time detected by thread: Thread Group 1-61 
2017/01/06 16:46:39 INFO  - jmeter.threads.JMeterThread: Thread finished: Thread Group 1-61 
2017/01/06 16:46:39 INFO  - jmeter.threads.JMeterThread: Stopping because end time detected by thread: Thread Group 1-28 
2017/01/06 16:46:39 INFO  - jmeter.threads.JMeterThread: Thread finished: Thread Group 1-28 
2017/01/06 16:46:39 INFO  - jmeter.threads.JMeterThread: Stopping because end time detected by thread: Thread Group 1-91 
2017/01/06 16:46:39 INFO  - jmeter.threads.JMeterThread: Thread finished: Thread Group 1-91 
2017/01/06 16:46:39 INFO  - jmeter.threads.JMeterThread: Stopping because end time detected by thread: Thread Group 1-19 
2017/01/06 16:46:39 INFO  - jmeter.threads.JMeterThread: Thread finished: Thread Group 1-19 
2017/01/06 16:46:39 INFO  - jmeter.threads.JMeterThread: Stopping because end time detected by thread: Thread Group 1-92 
2017/01/06 16:46:39 INFO  - jmeter.threads.JMeterThread: Thread finished: Thread Group 1-92 
2017/01/06 16:46:39 INFO  - jmeter.threads.JMeterThread: Stopping because end time detected by thread: Thread Group 1-37 
2017/01/06 16:46:39 INFO  - jmeter.threads.JMeterThread: Thread finished: Thread Group 1-37 
2017/01/06 16:46:39 INFO  - jmeter.threads.JMeterThread: Stopping because end time detected by thread: Thread Group 1-85 
2017/01/06 16:46:39 INFO  - jmeter.threads.JMeterThread: Thread finished: Thread Group 1-85 
2017/01/06 16:46:39 INFO  - jmeter.threads.JMeterThread: Stopping because end time detected by thread: Thread Group 1-94 
2017/01/06 16:46:39 INFO  - jmeter.threads.JMeterThread: Thread finished: Thread Group 1-94 
2017/01/06 16:46:40 INFO  - jmeter.threads.JMeterThread: Stopping because end time detected by thread: Thread Group 1-70 
2017/01/06 16:46:40 INFO  - jmeter.threads.JMeterThread: Thread finished: Thread Group 1-70 
2017/01/06 16:46:40 INFO  - jmeter.threads.JMeterThread: Stopping because end time detected by thread: Thread Group 1-21 
2017/01/06 16:46:40 INFO  - jmeter.threads.JMeterThread: Thread finished: Thread Group 1-21 
2017/01/06 16:46:40 INFO  - jmeter.threads.JMeterThread: Stopping because end time detected by thread: Thread Group 1-52 
2017/01/06 16:46:40 INFO  - jmeter.threads.JMeterThread: Thread finished: Thread Group 1-52 
2017/01/06 16:46:40 INFO  - jmeter.threads.JMeterThread: Stopping because end time detected by thread: Thread Group 1-15 
2017/01/06 16:46:40 INFO  - jmeter.threads.JMeterThread: Thread finished: Thread Group 1-15 
2017/01/06 16:46:40 INFO  - jmeter.threads.JMeterThread: Stopping because end time detected by thread: Thread Group 1-11 
2017/01/06 16:46:40 INFO  - jmeter.threads.JMeterThread: Thread finished: Thread Group 1-11 
2017/01/06 16:46:41 INFO  - jmeter.threads.JMeterThread: Stopping because end time detected by thread: Thread Group 1-7 
2017/01/06 16:46:41 INFO  - jmeter.threads.JMeterThread: Thread finished: Thread Group 1-7 
2017/01/06 16:46:41 INFO  - jmeter.threads.JMeterThread: Stopping because end time detected by thread: Thread Group 1-45 
2017/01/06 16:46:41 INFO  - jmeter.threads.JMeterThread: Thread finished: Thread Group 1-45 
2017/01/06 16:46:43 INFO  - jmeter.threads.JMeterThread: Stopping because end time detected by thread: Thread Group 1-50 
2017/01/06 16:46:43 INFO  - jmeter.threads.JMeterThread: Thread finished: Thread Group 1-50 
2017/01/06 16:46:44 INFO  - jmeter.threads.JMeterThread: Stopping because end time detected by thread: Thread Group 1-40 
2017/01/06 16:46:44 INFO  - jmeter.threads.JMeterThread: Thread finished: Thread Group 1-40 
2017/01/06 16:46:45 INFO  - jmeter.threads.JMeterThread: Stopping because end time detected by thread: Thread Group 1-87 
2017/01/06 16:46:45 INFO  - jmeter.threads.JMeterThread: Thread finished: Thread Group 1-87 
2017/01/06 16:46:45 INFO  - jmeter.threads.JMeterThread: Stopping because end time detected by thread: Thread Group 1-12 
2017/01/06 16:46:45 INFO  - jmeter.threads.JMeterThread: Thread finished: Thread Group 1-12 
2017/01/06 16:46:46 INFO  - jmeter.threads.JMeterThread: Stopping because end time detected by thread: Thread Group 1-59 
2017/01/06 16:46:46 INFO  - jmeter.threads.JMeterThread: Thread finished: Thread Group 1-59 
2017/01/06 16:46:47 INFO  - jmeter.threads.JMeterThread: Stopping because end time detected by thread: Thread Group 1-67 
2017/01/06 16:46:47 INFO  - jmeter.threads.JMeterThread: Thread finished: Thread Group 1-67 
2017/01/06 16:46:48 INFO  - jmeter.threads.JMeterThread: Stopping because end time detected by thread: Thread Group 1-93 
2017/01/06 16:46:48 INFO  - jmeter.threads.JMeterThread: Thread finished: Thread Group 1-93 
2017/01/06 16:46:50 INFO  - jmeter.threads.JMeterThread: Stopping because end time detected by thread: Thread Group 1-8 
2017/01/06 16:46:50 INFO  - jmeter.threads.JMeterThread: Thread finished: Thread Group 1-8 
2017/01/06 16:46:54 INFO  - jmeter.threads.JMeterThread: Stopping because end time detected by thread: Thread Group 1-76 
2017/01/06 16:46:54 INFO  - jmeter.threads.JMeterThread: Thread finished: Thread Group 1-76 
2017/01/06 16:47:02 INFO  - jmeter.reporters.Summariser: summary +    103 in 00:00:33 =    3.1/s Avg: 16469 Min:  3044 Max: 96975 Err:     7 (6.80%) Active: 10 Started: 100 Finished: 90 
2017/01/06 16:47:02 INFO  - jmeter.reporters.Summariser: summary =   6368 in 00:17:11 =    6.2/s Avg:  7787 Min:  1438 Max: 333126 Err:   131 (2.06%) 
2017/01/06 16:47:02 INFO  - jmeter.threads.JMeterThread: Stopping because end time detected by thread: Thread Group 1-51 
2017/01/06 16:47:02 INFO  - jmeter.threads.JMeterThread: Thread finished: Thread Group 1-51 
2017/01/06 16:48:07 INFO  - jmeter.threads.JMeterThread: Stopping because end time detected by thread: Thread Group 1-68 
2017/01/06 16:48:07 INFO  - jmeter.threads.JMeterThread: Thread finished: Thread Group 1-68 
2017/01/06 16:48:29 INFO  - jmeter.threads.JMeterThread: Stopping because end time detected by thread: Thread Group 1-16 
2017/01/06 16:48:29 INFO  - jmeter.threads.JMeterThread: Thread finished: Thread Group 1-16 
2017/01/06 16:49:07 INFO  - jmeter.threads.JMeterThread: Stopping because end time detected by thread: Thread Group 1-78 
2017/01/06 16:49:07 INFO  - jmeter.threads.JMeterThread: Thread finished: Thread Group 1-78 
2017/01/06 16:49:40 INFO  - jmeter.threads.JMeterThread: Stopping because end time detected by thread: Thread Group 1-9 
2017/01/06 16:49:40 INFO  - jmeter.threads.JMeterThread: Thread finished: Thread Group 1-9 
2017/01/06 16:49:44 INFO  - jmeter.threads.JMeterThread: Stopping because end time detected by thread: Thread Group 1-1 
2017/01/06 16:49:44 INFO  - jmeter.threads.JMeterThread: Thread finished: Thread Group 1-1 
2017/01/06 16:51:05 INFO  - jmeter.reporters.Summariser: summary +      6 in 00:04:02 =    0.0/s Avg: 333365 Min: 326980 Max: 343877 Err:     6 (100.00%) Active: 4 Started: 100 Finished: 96 
2017/01/06 16:51:05 INFO  - jmeter.reporters.Summariser: summary =   6374 in 00:21:13 =    5.0/s Avg:  8094 Min:  1438 Max: 343877 Err:   137 (2.15%) 
2017/01/06 16:51:05 INFO  - jmeter.threads.JMeterThread: Stopping because end time detected by thread: Thread Group 1-72 
2017/01/06 16:51:05 INFO  - jmeter.threads.JMeterThread: Thread finished: Thread Group 1-72 
2017/01/06 16:51:09 INFO  - jmeter.threads.JMeterThread: Stopping because end time detected by thread: Thread Group 1-41 
2017/01/06 16:51:09 INFO  - jmeter.threads.JMeterThread: Thread finished: Thread Group 1-41 
2017/01/06 17:10:30 INFO  - jmeter.reporters.ResultCollector: Shutdown hook started 
2017/01/06 17:10:30 INFO  - jmeter.reporters.ResultCollector: Shutdown hook ended 
